Determining if the pthread_create exist failed with the following output:
Change Dir: /home/luisfe/Documents/Puzzlebot_Semaforo/puzzlebot_workspace_backup/puzzlebot_remote_auxiliar/build/CMakeFiles/CMakeTmp

Run Build Command:"/usr/bin/make" "cmTC_e87ea/fast"
/usr/bin/make -f CMakeFiles/cmTC_e87ea.dir/build.make CMakeFiles/cmTC_e87ea.dir/build
make[1]: Entering directory '/home/luisfe/Documents/Puzzlebot_Semaforo/puzzlebot_workspace_backup/puzzlebot_remote_auxiliar/build/CMakeFiles/CMakeTmp'
Building C object CMakeFiles/cmTC_e87ea.dir/CheckSymbolExists.c.o
/usr/bin/cc    -o CMakeFiles/cmTC_e87ea.dir/CheckSymbolExists.c.o   -c /home/luisfe/Documents/Puzzlebot_Semaforo/puzzlebot_workspace_backup/puzzlebot_remote_auxiliar/build/CMakeFiles/CMakeTmp/CheckSymbolExists.c
Linking C executable cmTC_e87ea
/usr/bin/cmake -E cmake_link_script CMakeFiles/cmTC_e87ea.dir/link.txt --verbose=1
/usr/bin/cc      -rdynamic CMakeFiles/cmTC_e87ea.dir/CheckSymbolExists.c.o  -o cmTC_e87ea 
CMakeFiles/cmTC_e87ea.dir/CheckSymbolExists.c.o: In function `main':
CheckSymbolExists.c:(.text+0x1b): undefined reference to `pthread_create'
collect2: error: ld returned 1 exit status
CMakeFiles/cmTC_e87ea.dir/build.make:97: recipe for target 'cmTC_e87ea' failed
make[1]: *** [cmTC_e87ea] Error 1
make[1]: Leaving directory '/home/luisfe/Documents/Puzzlebot_Semaforo/puzzlebot_workspace_backup/puzzlebot_remote_auxiliar/build/CMakeFiles/CMakeTmp'
Makefile:126: recipe for target 'cmTC_e87ea/fast' failed
make: *** [cmTC_e87ea/fast] Error 2

File /home/luisfe/Documents/Puzzlebot_Semaforo/puzzlebot_workspace_backup/puzzlebot_remote_auxiliar/build/CMakeFiles/CMakeTmp/CheckSymbolExists.c:
/* */
#include <pthread.h>

int main(int argc, char** argv)
{
  (void)argv;
#ifndef pthread_create
  return ((int*)(&pthread_create))[argc];
#else
  (void)argc;
  return 0;
#endif
}

Determining if the function pthread_create exists in the pthreads failed with the following output:
Change Dir: /home/luisfe/Documents/Puzzlebot_Semaforo/puzzlebot_workspace_backup/puzzlebot_remote_auxiliar/build/CMakeFiles/CMakeTmp

Run Build Command:"/usr/bin/make" "cmTC_1b341/fast"
/usr/bin/make -f CMakeFiles/cmTC_1b341.dir/build.make CMakeFiles/cmTC_1b341.dir/build
make[1]: Entering directory '/home/luisfe/Documents/Puzzlebot_Semaforo/puzzlebot_workspace_backup/puzzlebot_remote_auxiliar/build/CMakeFiles/CMakeTmp'
Building C object CMakeFiles/cmTC_1b341.dir/CheckFunctionExists.c.o
/usr/bin/cc   -DCHECK_FUNCTION_EXISTS=pthread_create   -o CMakeFiles/cmTC_1b341.dir/CheckFunctionExists.c.o   -c /usr/share/cmake-3.10/Modules/CheckFunctionExists.c
Linking C executable cmTC_1b341
/usr/bin/cmake -E cmake_link_script CMakeFiles/cmTC_1b341.dir/link.txt --verbose=1
/usr/bin/cc  -DCHECK_FUNCTION_EXISTS=pthread_create    -rdynamic CMakeFiles/cmTC_1b341.dir/CheckFunctionExists.c.o  -o cmTC_1b341 -lpthreads 
/usr/bin/ld: cannot find -lpthreads
collect2: error: ld returned 1 exit status
CMakeFiles/cmTC_1b341.dir/build.make:97: recipe for target 'cmTC_1b341' failed
make[1]: *** [cmTC_1b341] Error 1
make[1]: Leaving directory '/home/luisfe/Documents/Puzzlebot_Semaforo/puzzlebot_workspace_backup/puzzlebot_remote_auxiliar/build/CMakeFiles/CMakeTmp'
Makefile:126: recipe for target 'cmTC_1b341/fast' failed
make: *** [cmTC_1b341/fast] Error 2


